Number of tasks= 4 My rank= 0 Running on 
Process 0 running on Berks-MBP.attlocal.net

Total time: 0.003275 for rank 0
Pi Avg.: 3.141936 

Real value of PI: 3.1415926535897 
Number of tasks= 4 My rank= 2 Running on 
Process 2 running on Berks-MBP.attlocal.net

Total time: 0.003242 for rank 2

Real value of PI: 3.1415926535897 
Number of tasks= 4 My rank= 3 Running on 
Process 3 running on Berks-MBP.attlocal.net

Total time: 0.003254 for rank 3

Real value of PI: 3.1415926535897 
Number of tasks= 4 My rank= 1 Running on 
Process 1 running on Berks-MBP.attlocal.net

Total time: 0.003272 for rank 1

Real value of PI: 3.1415926535897 
Number of tasks= 4 My rank= 2 Running on 
Process 2 running on Berks-MBP.attlocal.net

Total time: 0.003887 for rank 2

Real value of PI: 3.1415926535897 
Number of tasks= 4 My rank= 1 Running on 
Process 1 running on Berks-MBP.attlocal.net

Total time: 0.003941 for rank 1

Real value of PI: 3.1415926535897 
Number of tasks= 4 My rank= 0 Running on 
Process 0 running on Berks-MBP.attlocal.net

Total time: 0.003930 for rank 0
Pi Avg.: 3.141936 

Real value of PI: 3.1415926535897 
Number of tasks= 4 My rank= 3 Running on 
Process 3 running on Berks-MBP.attlocal.net

Total time: 0.003910 for rank 3

Real value of PI: 3.1415926535897 
