Number of tasks= 4 My rank= 1 Running on 
Process 1 running on Berks-MBP.attlocal.net

Total time: 0.000482 for rank 1
Number of tasks= 4 My rank= 1 Running on Berks-MBP.attlocal.net
Process 1 running on Berks-MBP.attlocal.net

Total time: 0.000437 for rank 1
Number of tasks= 4 My rank= 1 Running on Berks-MBP.attlocal.net
Process 1 running on Berks-MBP.attlocal.net

Total time: 0.004006 for rank 1

Real value of PI: 3.1415926535897 
Number of tasks= 4 My rank= 3 Running on 
Process 3 running on Berks-MBP.attlocal.net

Total time: 0.000507 for rank 3
Number of tasks= 4 My rank= 3 Running on Berks-MBP.attlocal.net
Process 3 running on Berks-MBP.attlocal.net

Total time: 0.000443 for rank 3
Number of tasks= 4 My rank= 3 Running on Berks-MBP.attlocal.net
Process 3 running on Berks-MBP.attlocal.net

Total time: 0.004005 for rank 3

Real value of PI: 3.1415926535897 
Number of tasks= 4 My rank= 0 Running on 
Process 0 running on Berks-MBP.attlocal.net

Total time: 0.000485 for rank 0
Pi Avg.: 3.149760 
Number of tasks= 4 My rank= 0 Running on Berks-MBP.attlocal.net
Process 0 running on Berks-MBP.attlocal.net

Total time: 0.000435 for rank 0
Pi Avg.: 3.149760 
Number of tasks= 4 My rank= 0 Running on Berks-MBP.attlocal.net
Process 0 running on Berks-MBP.attlocal.net

Total time: 0.004006 for rank 0
Pi Avg.: 3.141936 

Real value of PI: 3.1415926535897 
Number of tasks= 4 My rank= 2 Running on 
Process 2 running on Berks-MBP.attlocal.net

Total time: 0.000494 for rank 2
Number of tasks= 4 My rank= 2 Running on Berks-MBP.attlocal.net
Process 2 running on Berks-MBP.attlocal.net

Total time: 0.000445 for rank 2
Number of tasks= 4 My rank= 2 Running on Berks-MBP.attlocal.net
Process 2 running on Berks-MBP.attlocal.net

Total time: 0.004006 for rank 2

Real value of PI: 3.1415926535897 
