Number of tasks= 7 My rank= 0 Running on 
Process 0 running on Berks-MBP.attlocal.net

Total time: 0.001852 for rank 0
Pi Avg.: 3.145886 

Real value of PI: 3.1415926535897 
Number of tasks= 7 My rank= 4 Running on 
Process 4 running on Berks-MBP.attlocal.net

Total time: 0.001777 for rank 4

Real value of PI: 3.1415926535897 
Number of tasks= 7 My rank= 6 Running on 
Process 6 running on Berks-MBP.attlocal.net

Total time: 0.001839 for rank 6

Real value of PI: 3.1415926535897 
Number of tasks= 7 My rank= 2 Running on 
Process 2 running on Berks-MBP.attlocal.net

Total time: 0.001849 for rank 2

Real value of PI: 3.1415926535897 
Number of tasks= 7 My rank= 5 Running on 
Process 5 running on Berks-MBP.attlocal.net

Total time: 0.001763 for rank 5

Real value of PI: 3.1415926535897 
Number of tasks= 7 My rank= 3 Running on 
Process 3 running on Berks-MBP.attlocal.net

Total time: 0.001780 for rank 3

Real value of PI: 3.1415926535897 
Number of tasks= 7 My rank= 1 Running on 
Process 1 running on Berks-MBP.attlocal.net

Total time: 0.001795 for rank 1

Real value of PI: 3.1415926535897 
Number of tasks= 7 My rank= 6 Running on 
Process 6 running on Berks-MBP.attlocal.net

Total time: 0.001764 for rank 6

Real value of PI: 3.1415926535897 
Number of tasks= 7 My rank= 2 Running on 
Process 2 running on Berks-MBP.attlocal.net

Total time: 0.001880 for rank 2

Real value of PI: 3.1415926535897 
Number of tasks= 7 My rank= 4 Running on 
Process 4 running on Berks-MBP.attlocal.net

Total time: 0.001764 for rank 4

Real value of PI: 3.1415926535897 
Number of tasks= 7 My rank= 5 Running on 
Process 5 running on Berks-MBP.attlocal.net

Total time: 0.001766 for rank 5

Real value of PI: 3.1415926535897 
Number of tasks= 7 My rank= 0 Running on 
Process 0 running on Berks-MBP.attlocal.net

Total time: 0.001893 for rank 0
Pi Avg.: 3.145886 

Real value of PI: 3.1415926535897 
Number of tasks= 7 My rank= 3 Running on 
Process 3 running on Berks-MBP.attlocal.net

Total time: 0.001772 for rank 3

Real value of PI: 3.1415926535897 
Number of tasks= 7 My rank= 1 Running on 
Process 1 running on Berks-MBP.attlocal.net

Total time: 0.001791 for rank 1

Real value of PI: 3.1415926535897 
Number of tasks= 7 My rank= 6 Running on 
Process 6 running on Berks-MBP.attlocal.net

Total time: 0.002355 for rank 6

Real value of PI: 3.1415926535897 
Number of tasks= 7 My rank= 5 Running on 
Process 5 running on Berks-MBP.attlocal.net

Total time: 0.002316 for rank 5

Real value of PI: 3.1415926535897 
Number of tasks= 7 My rank= 4 Running on 
Process 4 running on Berks-MBP.attlocal.net

Total time: 0.002356 for rank 4

Real value of PI: 3.1415926535897 
Number of tasks= 7 My rank= 0 Running on 
Process 0 running on Berks-MBP.attlocal.net

Total time: 0.002535 for rank 0
Pi Avg.: 3.146682 

Real value of PI: 3.1415926535897 
Number of tasks= 7 My rank= 3 Running on 
Process 3 running on Berks-MBP.attlocal.net

Total time: 0.002469 for rank 3

Real value of PI: 3.1415926535897 
Number of tasks= 7 My rank= 1 Running on 
Process 1 running on Berks-MBP.attlocal.net

Total time: 0.002482 for rank 1

Real value of PI: 3.1415926535897 
Number of tasks= 7 My rank= 2 Running on 
Process 2 running on Berks-MBP.attlocal.net

Total time: 0.002516 for rank 2

Real value of PI: 3.1415926535897 
Number of tasks= 7 My rank= 5 Running on 
Process 5 running on Berks-MBP.attlocal.net

Total time: 0.002271 for rank 5

Real value of PI: 3.1415926535897 
Number of tasks= 7 My rank= 4 Running on 
Process 4 running on Berks-MBP.attlocal.net

Total time: 0.002371 for rank 4

Real value of PI: 3.1415926535897 
Number of tasks= 7 My rank= 3 Running on 
Process 3 running on Berks-MBP.attlocal.net

Total time: 0.002272 for rank 3

Real value of PI: 3.1415926535897 
Number of tasks= 7 My rank= 6 Running on 
Process 6 running on Berks-MBP.attlocal.net

Total time: 0.002370 for rank 6

Real value of PI: 3.1415926535897 
Number of tasks= 7 My rank= 1 Running on 
Process 1 running on Berks-MBP.attlocal.net

Total time: 0.002278 for rank 1

Real value of PI: 3.1415926535897 
Number of tasks= 7 My rank= 2 Running on 
Process 2 running on Berks-MBP.attlocal.net

Total time: 0.002369 for rank 2

Real value of PI: 3.1415926535897 
Number of tasks= 7 My rank= 0 Running on 
Process 0 running on Berks-MBP.attlocal.net

Total time: 0.002378 for rank 0
Pi Avg.: 3.146682 

Real value of PI: 3.1415926535897 
Number of tasks= 7 My rank= 5 Running on 
Process 5 running on Berks-MBP.attlocal.net

Total time: 0.002436 for rank 5

Real value of PI: 3.1415926535897 
Number of tasks= 7 My rank= 1 Running on 
Process 1 running on Berks-MBP.attlocal.net

Total time: 0.002482 for rank 1

Real value of PI: 3.1415926535897 
Number of tasks= 7 My rank= 2 Running on 
Process 2 running on Berks-MBP.attlocal.net

Total time: 0.002484 for rank 2

Real value of PI: 3.1415926535897 
Number of tasks= 7 My rank= 6 Running on 
Process 6 running on Berks-MBP.attlocal.net

Total time: 0.002433 for rank 6

Real value of PI: 3.1415926535897 
Number of tasks= 7 My rank= 4 Running on 
Process 4 running on Berks-MBP.attlocal.net

Total time: 0.002435 for rank 4

Real value of PI: 3.1415926535897 
Number of tasks= 7 My rank= 0 Running on 
Process 0 running on Berks-MBP.attlocal.net

Total time: 0.002425 for rank 0
Pi Avg.: 3.146682 

Real value of PI: 3.1415926535897 
Number of tasks= 7 My rank= 3 Running on 
Process 3 running on Berks-MBP.attlocal.net

Total time: 0.002387 for rank 3

Real value of PI: 3.1415926535897 
Number of tasks= 7 My rank= 5 Running on 
Process 5 running on Berks-MBP.attlocal.net

Total time: 0.001977 for rank 5

Real value of PI: 3.1415926535897 
Number of tasks= 7 My rank= 3 Running on 
Process 3 running on Berks-MBP.attlocal.net

Total time: 0.002088 for rank 3

Real value of PI: 3.1415926535897 
Number of tasks= 7 My rank= 2 Running on 
Process 2 running on Berks-MBP.attlocal.net

Total time: 0.001991 for rank 2

Real value of PI: 3.1415926535897 
Number of tasks= 7 My rank= 1 Running on 
Process 1 running on Berks-MBP.attlocal.net

Total time: 0.002167 for rank 1

Real value of PI: 3.1415926535897 
Number of tasks= 7 My rank= 6 Running on 
Process 6 running on Berks-MBP.attlocal.net

Total time: 0.002007 for rank 6

Real value of PI: 3.1415926535897 
Number of tasks= 7 My rank= 0 Running on 
Process 0 running on Berks-MBP.attlocal.net

Total time: 0.002092 for rank 0
Pi Avg.: 3.146682 

Real value of PI: 3.1415926535897 
Number of tasks= 7 My rank= 4 Running on 
Process 4 running on Berks-MBP.attlocal.net

Total time: 0.001981 for rank 4

Real value of PI: 3.1415926535897 
