Number of tasks= 1 My rank= 0 Running on 
Process 0 running on Berks-MBP.attlocal.net

Total time: 0.016101 for rank 0
Pi Avg.: 0.000000 

Real value of PI: 3.1415926535897 
Number of tasks= 2 My rank= 0 Running on 
Process 0 running on Berks-MBP.attlocal.net

Total time: 0.012558 for rank 0
Pi Avg.: 0.000000 

Real value of PI: 3.1415926535897 
Number of tasks= 2 My rank= 1 Running on 
Process 1 running on Berks-MBP.attlocal.net

Total time: 0.012564 for rank 1

Real value of PI: 3.1415926535897 
Number of tasks= 3 My rank= 1 Running on 
Process 1 running on Berks-MBP.attlocal.net

Total time: 0.012872 for rank 1

Real value of PI: 3.1415926535897 
Number of tasks= 3 My rank= 0 Running on 
Process 0 running on Berks-MBP.attlocal.net

Total time: 0.012918 for rank 0
Pi Avg.: 0.000000 

Real value of PI: 3.1415926535897 
Number of tasks= 3 My rank= 2 Running on 
Process 2 running on Berks-MBP.attlocal.net

Total time: 0.012865 for rank 2

Real value of PI: 3.1415926535897 
Number of tasks= 4 My rank= 1 Running on 
Process 1 running on Berks-MBP.attlocal.net

Total time: 0.012728 for rank 1

Real value of PI: 3.1415926535897 
Number of tasks= 4 My rank= 2 Running on 
Process 2 running on Berks-MBP.attlocal.net

Total time: 0.012250 for rank 2

Real value of PI: 3.1415926535897 
Number of tasks= 4 My rank= 3 Running on 
Process 3 running on Berks-MBP.attlocal.net

Total time: 0.012749 for rank 3

Real value of PI: 3.1415926535897 
Number of tasks= 4 My rank= 0 Running on 
Process 0 running on Berks-MBP.attlocal.net

Total time: 0.012728 for rank 0
Pi Avg.: 0.000000 

Real value of PI: 3.1415926535897 
Number of tasks= 4 My rank= 2 Running on 
Process 2 running on Berks-MBP.attlocal.net

Total time: 0.012677 for rank 2

Real value of PI: 3.1415926535897 
Number of tasks= 4 My rank= 1 Running on 
Process 1 running on Berks-MBP.attlocal.net

Total time: 0.012292 for rank 1

Real value of PI: 3.1415926535897 
Number of tasks= 4 My rank= 3 Running on 
Process 3 running on Berks-MBP.attlocal.net

Total time: 0.012726 for rank 3

Real value of PI: 3.1415926535897 
Number of tasks= 4 My rank= 0 Running on 
Process 0 running on Berks-MBP.attlocal.net

Total time: 0.012887 for rank 0
Pi Avg.: 0.000000 

Real value of PI: 3.1415926535897 
Number of tasks= 4 My rank= 3 Running on 
Process 3 running on Berks-MBP.attlocal.net

Total time: 0.012820 for rank 3

Real value of PI: 3.1415926535897 
Number of tasks= 4 My rank= 2 Running on 
Process 2 running on Berks-MBP.attlocal.net

Total time: 0.012654 for rank 2

Real value of PI: 3.1415926535897 
Number of tasks= 4 My rank= 1 Running on 
Process 1 running on Berks-MBP.attlocal.net

Total time: 0.012492 for rank 1

Real value of PI: 3.1415926535897 
Number of tasks= 4 My rank= 0 Running on 
Process 0 running on Berks-MBP.attlocal.net

Total time: 0.012747 for rank 0
Pi Avg.: 0.000000 

Real value of PI: 3.1415926535897 
Number of tasks= 3 My rank= 1 Running on 
Process 1 running on Berks-MBP.attlocal.net

Total time: 0.012657 for rank 1

Real value of PI: 3.1415926535897 
Number of tasks= 3 My rank= 2 Running on 
Process 2 running on Berks-MBP.attlocal.net

Total time: 0.012630 for rank 2

Real value of PI: 3.1415926535897 
Number of tasks= 3 My rank= 0 Running on 
Process 0 running on Berks-MBP.attlocal.net

Total time: 0.012539 for rank 0
Pi Avg.: 0.000000 

Real value of PI: 3.1415926535897 
Number of tasks= 3 My rank= 2 Running on 
Process 2 running on Berks-MBP.attlocal.net

Total time: 0.012784 for rank 2

Real value of PI: 3.1415926535897 
Number of tasks= 3 My rank= 0 Running on 
Process 0 running on Berks-MBP.attlocal.net

Total time: 0.012741 for rank 0
Pi Avg.: 0.000000 

Real value of PI: 3.1415926535897 
Number of tasks= 3 My rank= 1 Running on 
Process 1 running on Berks-MBP.attlocal.net

Total time: 0.012746 for rank 1

Real value of PI: 3.1415926535897 
Number of tasks= 2 My rank= 0 Running on 
Process 0 running on Berks-MBP.attlocal.net

Total time: 0.012786 for rank 0
Pi Avg.: 0.000000 

Real value of PI: 3.1415926535897 
Number of tasks= 2 My rank= 1 Running on 
Process 1 running on Berks-MBP.attlocal.net

Total time: 0.012719 for rank 1

Real value of PI: 3.1415926535897 
Number of tasks= 2 My rank= 0 Running on 
Process 0 running on Berks-MBP.attlocal.net

Total time: 0.012773 for rank 0
Pi Avg.: 0.000000 

Real value of PI: 3.1415926535897 
Number of tasks= 2 My rank= 1 Running on 
Process 1 running on Berks-MBP.attlocal.net

Total time: 0.012612 for rank 1

Real value of PI: 3.1415926535897 
Number of tasks= 1 My rank= 0 Running on 
Process 0 running on Berks-MBP.attlocal.net

Total time: 0.012470 for rank 0
Pi Avg.: 0.000000 

Real value of PI: 3.1415926535897 
Number of tasks= 1 My rank= 0 Running on 
Process 0 running on Berks-MBP.attlocal.net

Total time: 0.012447 for rank 0
Pi Avg.: 0.000000 

Real value of PI: 3.1415926535897 
